declarNumar           (-1, -1)
ID                      (1, 0)
,                     (-1, -1)
ID                      (1, 1)
new_line              (-1, -1)
new_line              (-1, -1)
introdu               (-1, -1)
ID                      (1, 0)
new_line              (-1, -1)
introdu               (-1, -1)
new_line              (-1, -1)
new_line              (-1, -1)
saZicemCa             (-1, -1)
(                     (-1, -1)
ID                      (1, 0)
<                     (-1, -1)
ID                      (1, 1)
)                     (-1, -1)
new_line              (-1, -1)
afiseaza              (-1, -1)
ID                      (1, 0)
new_line              (-1, -1)
dacaNu                (-1, -1)
new_line              (-1, -1)
afiseaza              (-1, -1)
